# JRE version: OpenJDK Runtime Environment (21.0.5) (build 21.0.5+-13047016-b750.29)
# Java VM: OpenJDK 64-Bit Server VM (21.0.5+-13047016-b750.29, mixed mode, tiered, compressed oops, compressed class ptrs, g1 gc, windows-amd64)
GC Precious Log:
 CardTable entry size: 512
 Card Set container configuration: InlinePtr #cards 5 size 8 Array Of Cards #cards 12 size 40 Howl #buckets 4 coarsen threshold 1843 Howl Bitmap #cards 512 size 80 coarsen threshold 460 Card regions per heap region 1 cards per card region 2048
 CPUs: 4 total, 4 available
 Memory: 8112M
 Large Page Support: Disabled
 NUMA Support: Disabled
 Compressed Oops: Enabled (32-bit)
 Heap Region Size: 1M
 Heap Min Capacity: 8M
 Heap Initial Capacity: 128M
 Heap Max Capacity: 2G
 Pre-touch: Disabled
 Parallel Workers: 4
 Concurrent Workers: 1
 Concurrent Refinement Workers: 4
 Periodic GC: Disabled
Heap:
 garbage-first heap   total 108544K, used 82944K [0x0000000080000000, 0x0000000100000000)
  region size 1024K, 4 young (4096K), 4 survivors (4096K)
 Metaspace       used 62567K, committed 64064K, reserved 1114112K
  class space    used 8523K, committed 9216K, reserved 1048576K
GC Heap History (20 events):
Event: 11.534 GC heap after
{Heap after GC invocations=15 (full 0):
 garbage-first heap   total 86016K, used 48287K [0x0000000080000000, 0x0000000100000000)
  region size 1024K, 3 young (3072K), 3 survivors (3072K)
 Metaspace       used 48679K, committed 49984K, reserved 1114112K
  class space    used 6695K, committed 7360K, reserved 1048576K
}
Event: 12.200 GC heap before
{Heap before GC invocations=15 (full 0):
 garbage-first heap   total 86016K, used 75935K [0x0000000080000000, 0x0000000100000000)
  region size 1024K, 30 young (30720K), 3 survivors (3072K)
 Metaspace       used 54180K, committed 55488K, reserved 1114112K
  class space    used 7342K, committed 8000K, reserved 1048576K
}
Event: 12.205 GC heap after
{Heap after GC invocations=16 (full 0):
 garbage-first heap   total 86016K, used 50903K [0x0000000080000000, 0x0000000100000000)
  region size 1024K, 4 young (4096K), 4 survivors (4096K)
 Metaspace       used 54180K, committed 55488K, reserved 1114112K
  class space    used 7342K, committed 8000K, reserved 1048576K
}
Event: 12.685 GC heap before
{Heap before GC invocations=17 (full 0):
 garbage-first heap   total 86016K, used 81623K [0x0000000080000000, 0x0000000100000000)
  region size 1024K, 29 young (29696K), 4 survivors (4096K)
 Metaspace       used 57168K, committed 58560K, reserved 1114112K
  class space    used 7652K, committed 8320K, reserved 1048576K
}
Event: 12.692 GC heap after
{Heap after GC invocations=18 (full 0):
 garbage-first heap   total 89088K, used 53543K [0x0000000080000000, 0x0000000100000000)
  region size 1024K, 3 young (3072K), 3 survivors (3072K)
 Metaspace       used 57168K, committed 58560K, reserved 1114112K
  class space    used 7652K, committed 8320K, reserved 1048576K
}
Event: 13.185 GC heap before
{Heap before GC invocations=18 (full 0):
 garbage-first heap   total 89088K, used 80167K [0x0000000080000000, 0x0000000100000000)
  region size 1024K, 29 young (29696K), 3 survivors (3072K)
 Metaspace       used 58602K, committed 60096K, reserved 1114112K
  class space    used 7875K, committed 8576K, reserved 1048576K
}
Event: 13.189 GC heap after
{Heap after GC invocations=19 (full 0):
 garbage-first heap   total 107520K, used 54424K [0x0000000080000000, 0x0000000100000000)
  region size 1024K, 2 young (2048K), 2 survivors (2048K)
 Metaspace       used 58602K, committed 60096K, reserved 1114112K
  class space    used 7875K, committed 8576K, reserved 1048576K
}
Event: 13.858 GC heap before
{Heap before GC invocations=19 (full 0):
 garbage-first heap   total 107520K, used 97432K [0x0000000080000000, 0x0000000100000000)
  region size 1024K, 42 young (43008K), 2 survivors (2048K)
 Metaspace       used 62177K, committed 63680K, reserved 1114112K
  class space    used 8467K, committed 9216K, reserved 1048576K
}
Event: 13.863 GC heap after
{Heap after GC invocations=20 (full 0):
 garbage-first heap   total 107520K, used 58268K [0x0000000080000000, 0x0000000100000000)
  region size 1024K, 3 young (3072K), 3 survivors (3072K)
 Metaspace       used 62177K, committed 63680K, reserved 1114112K
  class space    used 8467K, committed 9216K, reserved 1048576K
}
Event: 14.064 GC heap before
{Heap before GC invocations=21 (full 0):
 garbage-first heap   total 107520K, used 96156K [0x0000000080000000, 0x0000000100000000)
  region size 1024K, 41 young (41984K), 3 survivors (3072K)
 Metaspace       used 62204K, committed 63744K, reserved 1114112K
  class space    used 8471K, committed 9216K, reserved 1048576K
}
Event: 14.069 GC heap after
{Heap after GC invocations=22 (full 0):
 garbage-first heap   total 107520K, used 60117K [0x0000000080000000, 0x0000000100000000)
  region size 1024K, 5 young (5120K), 5 survivors (5120K)
 Metaspace       used 62204K, committed 63744K, reserved 1114112K
  class space    used 8471K, committed 9216K, reserved 1048576K
}
Event: 14.237 GC heap before
{Heap before GC invocations=22 (full 0):
 garbage-first heap   total 107520K, used 94933K [0x0000000080000000, 0x0000000100000000)
  region size 1024K, 40 young (40960K), 5 survivors (5120K)
 Metaspace       used 62228K, committed 63744K, reserved 1114112K
  class space    used 8476K, committed 9216K, reserved 1048576K
}
Event: 14.243 GC heap after
{Heap after GC invocations=23 (full 0):
 garbage-first heap   total 107520K, used 61532K [0x0000000080000000, 0x0000000100000000)
  region size 1024K, 4 young (4096K), 4 survivors (4096K)
 Metaspace       used 62228K, committed 63744K, reserved 1114112K
  class space    used 8476K, committed 9216K, reserved 1048576K
}
Event: 14.374 GC heap before
{Heap before GC invocations=23 (full 0):
 garbage-first heap   total 107520K, used 95324K [0x0000000080000000, 0x0000000100000000)
  region size 1024K, 38 young (38912K), 4 survivors (4096K)
 Metaspace       used 62298K, committed 63808K, reserved 1114112K
  class space    used 8490K, committed 9216K, reserved 1048576K
}
Event: 14.378 GC heap after
{Heap after GC invocations=24 (full 0):
 garbage-first heap   total 107520K, used 63341K [0x0000000080000000, 0x0000000100000000)
  region size 1024K, 4 young (4096K), 4 survivors (4096K)
 Metaspace       used 62298K, committed 63808K, reserved 1114112K
  class space    used 8490K, committed 9216K, reserved 1048576K
}
Event: 14.620 GC heap before
{Heap before GC invocations=25 (full 0):
 garbage-first heap   total 107520K, used 96109K [0x0000000080000000, 0x0000000100000000)
  region size 1024K, 36 young (36864K), 4 survivors (4096K)
 Metaspace       used 62293K, committed 63808K, reserved 1114112K
  class space    used 8487K, committed 9216K, reserved 1048576K
}
Event: 14.627 GC heap after
{Heap after GC invocations=26 (full 0):
 garbage-first heap   total 107520K, used 68132K [0x0000000080000000, 0x0000000100000000)
  region size 1024K, 5 young (5120K), 5 survivors (5120K)
 Metaspace       used 62293K, committed 63808K, reserved 1114112K
  class space    used 8487K, committed 9216K, reserved 1048576K
}
Event: 14.895 GC heap before
{Heap before GC invocations=26 (full 0):
 garbage-first heap   total 107520K, used 95780K [0x0000000080000000, 0x0000000100000000)
  region size 1024K, 32 young (32768K), 5 survivors (5120K)
 Metaspace       used 62550K, committed 64000K, reserved 1114112K
  class space    used 8523K, committed 9216K, reserved 1048576K
}
Event: 14.907 GC heap after
{Heap after GC invocations=27 (full 0):
 garbage-first heap   total 108544K, used 74752K [0x0000000080000000, 0x0000000100000000)
  region size 1024K, 4 young (4096K), 4 survivors (4096K)
 Metaspace       used 62550K, committed 64000K, reserved 1114112K
  class space    used 8523K, committed 9216K, reserved 1048576K
}
Event: 14.981 GC heap before
{Heap before GC invocations=27 (full 0):
 garbage-first heap   total 108544K, used 96256K [0x0000000080000000, 0x0000000100000000)
  region size 1024K, 25 young (25600K), 4 survivors (4096K)
 Metaspace       used 62567K, committed 64064K, reserved 1114112K
  class space    used 8523K, committed 9216K, reserved 1048576K
}

